<?xml version="1.0" encoding="UTF-8"?>
<!-- Generated by org.testng.reporters.JUnitReportReporter -->
<testsuite hostname="LAPTOP-U7EES6NV" failures="0" tests="1" name="com.webtest.demo.Front_Login1" time="12.376" errors="0" timestamp="10 10æœˆ 2018 06:14:06 GMT" skipped="0">
  <testcase classname="com.webtest.demo.Front_Login1" name="testSearch" time="12.376"/>
</testsuite> <!-- com.webtest.demo.Front_Login1 -->
